19-May-2015 10:30:48 Error using <a href="matlab:helpUtils.errorDocCallback('icinterface/fopen', 'C:\Program Files\MATLAB\R2012a\toolbox\shared\instrument\@icinterface\fopen.m', 83)" style="font-weight:bold">icinterface/fopen</a> (<a href="matlab: opentoline('C:\Program Files\MATLAB\R2012a\toolbox\shared\instrument\@icinterface\fopen.m',83,0)">line 83</a>)
Unsuccessful open: Connection timed out: connect

Error in <a href="matlab:helpUtils.errorDocCallback('newTcpip', 'C:\Users\UfSonix\Documents\MATLAB\MATLAB_May 19\Server\newTcpip.m', 24)" style="font-weight:bold">newTcpip</a> (<a href="matlab: opentoline('C:\Users\UfSonix\Documents\MATLAB\MATLAB_May 19\Server\newTcpip.m',24,0)">line 24</a>)
    fopen(Tcpip);

Error in <a href="matlab:helpUtils.errorDocCallback('newClient', 'C:\Users\UfSonix\Documents\MATLAB\MATLAB_May 19\Server\newClient.m', 12)" style="font-weight:bold">newClient</a> (<a href="matlab: opentoline('C:\Users\UfSonix\Documents\MATLAB\MATLAB_May 19\Server\newClient.m',12,0)">line 12</a>)
Tcpip = newTcpip;

Error in <a href="matlab:helpUtils.errorDocCallback('server_terminal>server_terminal_OpeningFcn', 'C:\Users\UfSonix\Documents\MATLAB\MATLAB_May 19\Server\server_terminal.m', 59)" style="font-weight:bold">server_terminal>server_terminal_OpeningFcn</a> (<a href="matlab: opentoline('C:\Users\UfSonix\Documents\MATLAB\MATLAB_May 19\Server\server_terminal.m',59,0)">line 59</a>)
Client = newClient;

Error in <a href="matlab:helpUtils.errorDocCallback('gui_mainfcn', 'C:\Program Files\MATLAB\R2012a\toolbox\matlab\guide\gui_mainfcn.m', 221)" style="font-weight:bold">gui_mainfcn</a> (<a href="matlab: opentoline('C:\Program Files\MATLAB\R2012a\toolbox\matlab\guide\gui_mainfcn.m',221,0)">line 221</a>)
    feval(gui_State.gui_OpeningFcn, gui_hFigure, [], guidata(gui_hFigure), varargin{:});

Error in <a href="matlab:helpUtils.errorDocCallback('server_terminal', 'C:\Users\UfSonix\Documents\MATLAB\MATLAB_May 19\Server\server_terminal.m', 42)" style="font-weight:bold">server_terminal</a> (<a href="matlab: opentoline('C:\Users\UfSonix\Documents\MATLAB\MATLAB_May 19\Server\server_terminal.m',42,0)">line 42</a>)
    gui_mainfcn(gui_State, varargin{:});
19-May-2015 10:31:39 Error using <a href="matlab:helpUtils.errorDocCallback('icinterface/fopen', 'C:\Program Files\MATLAB\R2012a\toolbox\shared\instrument\@icinterface\fopen.m', 83)" style="font-weight:bold">icinterface/fopen</a> (<a href="matlab: opentoline('C:\Program Files\MATLAB\R2012a\toolbox\shared\instrument\@icinterface\fopen.m',83,0)">line 83</a>)
Unsuccessful open: Connection timed out: connect

Error in <a href="matlab:helpUtils.errorDocCallback('newTcpip', 'C:\Users\UfSonix\Documents\MATLAB\MATLAB_May 19\Server\newTcpip.m', 24)" style="font-weight:bold">newTcpip</a> (<a href="matlab: opentoline('C:\Users\UfSonix\Documents\MATLAB\MATLAB_May 19\Server\newTcpip.m',24,0)">line 24</a>)
    fopen(Tcpip);

Error in <a href="matlab:helpUtils.errorDocCallback('newClient', 'C:\Users\UfSonix\Documents\MATLAB\MATLAB_May 19\Server\newClient.m', 12)" style="font-weight:bold">newClient</a> (<a href="matlab: opentoline('C:\Users\UfSonix\Documents\MATLAB\MATLAB_May 19\Server\newClient.m',12,0)">line 12</a>)
Tcpip = newTcpip;

Error in <a href="matlab:helpUtils.errorDocCallback('existClient', 'C:\Users\UfSonix\Documents\MATLAB\MATLAB_May 19\Server\existClient.m', 9)" style="font-weight:bold">existClient</a> (<a href="matlab: opentoline('C:\Users\UfSonix\Documents\MATLAB\MATLAB_May 19\Server\existClient.m',9,0)">line 9</a>)
    Client = newClient;

Error in <a href="matlab:helpUtils.errorDocCallback('server_terminal>pushbutton1_Callback', 'C:\Users\UfSonix\Documents\MATLAB\MATLAB_May 19\Server\server_terminal.m', 87)" style="font-weight:bold">server_terminal>pushbutton1_Callback</a> (<a href="matlab: opentoline('C:\Users\UfSonix\Documents\MATLAB\MATLAB_May 19\Server\server_terminal.m',87,0)">line 87</a>)
IsClientExisting = existClient(hFigure);

Error in <a href="matlab:helpUtils.errorDocCallback('gui_mainfcn', 'C:\Program Files\MATLAB\R2012a\toolbox\matlab\guide\gui_mainfcn.m', 96)" style="font-weight:bold">gui_mainfcn</a> (<a href="matlab: opentoline('C:\Program Files\MATLAB\R2012a\toolbox\matlab\guide\gui_mainfcn.m',96,0)">line 96</a>)
        feval(varargin{:});

Error in <a href="matlab:helpUtils.errorDocCallback('server_terminal', 'C:\Users\UfSonix\Documents\MATLAB\MATLAB_May 19\Server\server_terminal.m', 42)" style="font-weight:bold">server_terminal</a> (<a href="matlab: opentoline('C:\Users\UfSonix\Documents\MATLAB\MATLAB_May 19\Server\server_terminal.m',42,0)">line 42</a>)
    gui_mainfcn(gui_State, varargin{:});

Error in <a href="matlab:helpUtils.errorDocCallback('@(hObject,eventdata)server_terminal(''pushbutton1_Callback'',hObject,eventdata,guidata(hObject))', '', 0)" style="font-weight:bold">@(hObject,eventdata)server_terminal('pushbutton1_Callback',hObject,eventdata,guidata(hObject))</a>

19-May-2015 10:36:48 Error using <a href="matlab:helpUtils.errorDocCallback('icinterface/fopen', 'C:\Program Files\MATLAB\R2012a\toolbox\shared\instrument\@icinterface\fopen.m', 83)" style="font-weight:bold">icinterface/fopen</a> (<a href="matlab: opentoline('C:\Program Files\MATLAB\R2012a\toolbox\shared\instrument\@icinterface\fopen.m',83,0)">line 83</a>)
Unsuccessful open: Connection timed out: connect

Error in <a href="matlab:helpUtils.errorDocCallback('newTcpip', 'C:\Users\UfSonix\Documents\MATLAB\MATLAB_May 19\Server\newTcpip.m', 24)" style="font-weight:bold">newTcpip</a> (<a href="matlab: opentoline('C:\Users\UfSonix\Documents\MATLAB\MATLAB_May 19\Server\newTcpip.m',24,0)">line 24</a>)
    fopen(Tcpip);

Error in <a href="matlab:helpUtils.errorDocCallback('newClient', 'C:\Users\UfSonix\Documents\MATLAB\MATLAB_May 19\Server\newClient.m', 12)" style="font-weight:bold">newClient</a> (<a href="matlab: opentoline('C:\Users\UfSonix\Documents\MATLAB\MATLAB_May 19\Server\newClient.m',12,0)">line 12</a>)
Tcpip = newTcpip;

Error in <a href="matlab:helpUtils.errorDocCallback('server_terminal>server_terminal_OpeningFcn', 'C:\Users\UfSonix\Documents\MATLAB\MATLAB_May 19\Server\server_terminal.m', 59)" style="font-weight:bold">server_terminal>server_terminal_OpeningFcn</a> (<a href="matlab: opentoline('C:\Users\UfSonix\Documents\MATLAB\MATLAB_May 19\Server\server_terminal.m',59,0)">line 59</a>)
Client = newClient;

Error in <a href="matlab:helpUtils.errorDocCallback('gui_mainfcn', 'C:\Program Files\MATLAB\R2012a\toolbox\matlab\guide\gui_mainfcn.m', 221)" style="font-weight:bold">gui_mainfcn</a> (<a href="matlab: opentoline('C:\Program Files\MATLAB\R2012a\toolbox\matlab\guide\gui_mainfcn.m',221,0)">line 221</a>)
    feval(gui_State.gui_OpeningFcn, gui_hFigure, [], guidata(gui_hFigure), varargin{:});

Error in <a href="matlab:helpUtils.errorDocCallback('server_terminal', 'C:\Users\UfSonix\Documents\MATLAB\MATLAB_May 19\Server\server_terminal.m', 42)" style="font-weight:bold">server_terminal</a> (<a href="matlab: opentoline('C:\Users\UfSonix\Documents\MATLAB\MATLAB_May 19\Server\server_terminal.m',42,0)">line 42</a>)
    gui_mainfcn(gui_State, varargin{:});
19-May-2015 10:38:02 Error using <a href="matlab:helpUtils.errorDocCallback('icinterface/fopen', 'C:\Program Files\MATLAB\R2012a\toolbox\shared\instrument\@icinterface\fopen.m', 83)" style="font-weight:bold">icinterface/fopen</a> (<a href="matlab: opentoline('C:\Program Files\MATLAB\R2012a\toolbox\shared\instrument\@icinterface\fopen.m',83,0)">line 83</a>)
Unsuccessful open: Connection timed out: connect

Error in <a href="matlab:helpUtils.errorDocCallback('newTcpip', 'C:\Users\UfSonix\Documents\MATLAB\MATLAB_May 19\Server\newTcpip.m', 24)" style="font-weight:bold">newTcpip</a> (<a href="matlab: opentoline('C:\Users\UfSonix\Documents\MATLAB\MATLAB_May 19\Server\newTcpip.m',24,0)">line 24</a>)
    fopen(Tcpip);

Error in <a href="matlab:helpUtils.errorDocCallback('newClient', 'C:\Users\UfSonix\Documents\MATLAB\MATLAB_May 19\Server\newClient.m', 12)" style="font-weight:bold">newClient</a> (<a href="matlab: opentoline('C:\Users\UfSonix\Documents\MATLAB\MATLAB_May 19\Server\newClient.m',12,0)">line 12</a>)
Tcpip = newTcpip;

Error in <a href="matlab:helpUtils.errorDocCallback('server_terminal>server_terminal_OpeningFcn', 'C:\Users\UfSonix\Documents\MATLAB\MATLAB_May 19\Server\server_terminal.m', 59)" style="font-weight:bold">server_terminal>server_terminal_OpeningFcn</a> (<a href="matlab: opentoline('C:\Users\UfSonix\Documents\MATLAB\MATLAB_May 19\Server\server_terminal.m',59,0)">line 59</a>)
Client = newClient;

Error in <a href="matlab:helpUtils.errorDocCallback('gui_mainfcn', 'C:\Program Files\MATLAB\R2012a\toolbox\matlab\guide\gui_mainfcn.m', 221)" style="font-weight:bold">gui_mainfcn</a> (<a href="matlab: opentoline('C:\Program Files\MATLAB\R2012a\toolbox\matlab\guide\gui_mainfcn.m',221,0)">line 221</a>)
    feval(gui_State.gui_OpeningFcn, gui_hFigure, [], guidata(gui_hFigure), varargin{:});

Error in <a href="matlab:helpUtils.errorDocCallback('server_terminal', 'C:\Users\UfSonix\Documents\MATLAB\MATLAB_May 19\Server\server_terminal.m', 42)" style="font-weight:bold">server_terminal</a> (<a href="matlab: opentoline('C:\Users\UfSonix\Documents\MATLAB\MATLAB_May 19\Server\server_terminal.m',42,0)">line 42</a>)
    gui_mainfcn(gui_State, varargin{:});
19-May-2015 10:38:48 Error using <a href="matlab:helpUtils.errorDocCallback('icinterface/fopen', 'C:\Program Files\MATLAB\R2012a\toolbox\shared\instrument\@icinterface\fopen.m', 83)" style="font-weight:bold">icinterface/fopen</a> (<a href="matlab: opentoline('C:\Program Files\MATLAB\R2012a\toolbox\shared\instrument\@icinterface\fopen.m',83,0)">line 83</a>)
Unsuccessful open: Connection timed out: connect

Error in <a href="matlab:helpUtils.errorDocCallback('newTcpip', 'C:\Users\UfSonix\Documents\MATLAB\MATLAB_May 19\Server\newTcpip.m', 24)" style="font-weight:bold">newTcpip</a> (<a href="matlab: opentoline('C:\Users\UfSonix\Documents\MATLAB\MATLAB_May 19\Server\newTcpip.m',24,0)">line 24</a>)
    fopen(Tcpip);

Error in <a href="matlab:helpUtils.errorDocCallback('newClient', 'C:\Users\UfSonix\Documents\MATLAB\MATLAB_May 19\Server\newClient.m', 12)" style="font-weight:bold">newClient</a> (<a href="matlab: opentoline('C:\Users\UfSonix\Documents\MATLAB\MATLAB_May 19\Server\newClient.m',12,0)">line 12</a>)
Tcpip = newTcpip;

Error in <a href="matlab:helpUtils.errorDocCallback('existClient', 'C:\Users\UfSonix\Documents\MATLAB\MATLAB_May 19\Server\existClient.m', 9)" style="font-weight:bold">existClient</a> (<a href="matlab: opentoline('C:\Users\UfSonix\Documents\MATLAB\MATLAB_May 19\Server\existClient.m',9,0)">line 9</a>)
    Client = newClient;

Error in <a href="matlab:helpUtils.errorDocCallback('server_terminal>pushbutton1_Callback', 'C:\Users\UfSonix\Documents\MATLAB\MATLAB_May 19\Server\server_terminal.m', 87)" style="font-weight:bold">server_terminal>pushbutton1_Callback</a> (<a href="matlab: opentoline('C:\Users\UfSonix\Documents\MATLAB\MATLAB_May 19\Server\server_terminal.m',87,0)">line 87</a>)
IsClientExisting = existClient(hFigure);

Error in <a href="matlab:helpUtils.errorDocCallback('gui_mainfcn', 'C:\Program Files\MATLAB\R2012a\toolbox\matlab\guide\gui_mainfcn.m', 96)" style="font-weight:bold">gui_mainfcn</a> (<a href="matlab: opentoline('C:\Program Files\MATLAB\R2012a\toolbox\matlab\guide\gui_mainfcn.m',96,0)">line 96</a>)
        feval(varargin{:});

Error in <a href="matlab:helpUtils.errorDocCallback('server_terminal', 'C:\Users\UfSonix\Documents\MATLAB\MATLAB_May 19\Server\server_terminal.m', 42)" style="font-weight:bold">server_terminal</a> (<a href="matlab: opentoline('C:\Users\UfSonix\Documents\MATLAB\MATLAB_May 19\Server\server_terminal.m',42,0)">line 42</a>)
    gui_mainfcn(gui_State, varargin{:});

Error in <a href="matlab:helpUtils.errorDocCallback('@(hObject,eventdata)server_terminal(''pushbutton1_Callback'',hObject,eventdata,guidata(hObject))', '', 0)" style="font-weight:bold">@(hObject,eventdata)server_terminal('pushbutton1_Callback',hObject,eventdata,guidata(hObject))</a>

19-May-2015 10:39:26 Error using <a href="matlab:helpUtils.errorDocCallback('icinterface/fopen', 'C:\Program Files\MATLAB\R2012a\toolbox\shared\instrument\@icinterface\fopen.m', 83)" style="font-weight:bold">icinterface/fopen</a> (<a href="matlab: opentoline('C:\Program Files\MATLAB\R2012a\toolbox\shared\instrument\@icinterface\fopen.m',83,0)">line 83</a>)
Unsuccessful open: Connection timed out: connect

Error in <a href="matlab:helpUtils.errorDocCallback('newTcpip', 'C:\Users\UfSonix\Documents\MATLAB\MATLAB_May 19\Server\newTcpip.m', 24)" style="font-weight:bold">newTcpip</a> (<a href="matlab: opentoline('C:\Users\UfSonix\Documents\MATLAB\MATLAB_May 19\Server\newTcpip.m',24,0)">line 24</a>)
    fopen(Tcpip);

Error in <a href="matlab:helpUtils.errorDocCallback('newClient', 'C:\Users\UfSonix\Documents\MATLAB\MATLAB_May 19\Server\newClient.m', 12)" style="font-weight:bold">newClient</a> (<a href="matlab: opentoline('C:\Users\UfSonix\Documents\MATLAB\MATLAB_May 19\Server\newClient.m',12,0)">line 12</a>)
Tcpip = newTcpip;

Error in <a href="matlab:helpUtils.errorDocCallback('server_terminal>server_terminal_OpeningFcn', 'C:\Users\UfSonix\Documents\MATLAB\MATLAB_May 19\Server\server_terminal.m', 59)" style="font-weight:bold">server_terminal>server_terminal_OpeningFcn</a> (<a href="matlab: opentoline('C:\Users\UfSonix\Documents\MATLAB\MATLAB_May 19\Server\server_terminal.m',59,0)">line 59</a>)
Client = newClient;

Error in <a href="matlab:helpUtils.errorDocCallback('gui_mainfcn', 'C:\Program Files\MATLAB\R2012a\toolbox\matlab\guide\gui_mainfcn.m', 221)" style="font-weight:bold">gui_mainfcn</a> (<a href="matlab: opentoline('C:\Program Files\MATLAB\R2012a\toolbox\matlab\guide\gui_mainfcn.m',221,0)">line 221</a>)
    feval(gui_State.gui_OpeningFcn, gui_hFigure, [], guidata(gui_hFigure), varargin{:});

Error in <a href="matlab:helpUtils.errorDocCallback('server_terminal', 'C:\Users\UfSonix\Documents\MATLAB\MATLAB_May 19\Server\server_terminal.m', 42)" style="font-weight:bold">server_terminal</a> (<a href="matlab: opentoline('C:\Users\UfSonix\Documents\MATLAB\MATLAB_May 19\Server\server_terminal.m',42,0)">line 42</a>)
    gui_mainfcn(gui_State, varargin{:});
19-May-2015 10:40:08 Error using <a href="matlab:helpUtils.errorDocCallback('icinterface/fopen', 'C:\Program Files\MATLAB\R2012a\toolbox\shared\instrument\@icinterface\fopen.m', 83)" style="font-weight:bold">icinterface/fopen</a> (<a href="matlab: opentoline('C:\Program Files\MATLAB\R2012a\toolbox\shared\instrument\@icinterface\fopen.m',83,0)">line 83</a>)
Unsuccessful open: Connection timed out: connect

Error in <a href="matlab:helpUtils.errorDocCallback('newTcpip', 'C:\Users\UfSonix\Documents\MATLAB\MATLAB_May 19\Server\newTcpip.m', 24)" style="font-weight:bold">newTcpip</a> (<a href="matlab: opentoline('C:\Users\UfSonix\Documents\MATLAB\MATLAB_May 19\Server\newTcpip.m',24,0)">line 24</a>)
    fopen(Tcpip);

Error in <a href="matlab:helpUtils.errorDocCallback('newClient', 'C:\Users\UfSonix\Documents\MATLAB\MATLAB_May 19\Server\newClient.m', 12)" style="font-weight:bold">newClient</a> (<a href="matlab: opentoline('C:\Users\UfSonix\Documents\MATLAB\MATLAB_May 19\Server\newClient.m',12,0)">line 12</a>)
Tcpip = newTcpip;

Error in <a href="matlab:helpUtils.errorDocCallback('existClient', 'C:\Users\UfSonix\Documents\MATLAB\MATLAB_May 19\Server\existClient.m', 9)" style="font-weight:bold">existClient</a> (<a href="matlab: opentoline('C:\Users\UfSonix\Documents\MATLAB\MATLAB_May 19\Server\existClient.m',9,0)">line 9</a>)
    Client = newClient;

Error in <a href="matlab:helpUtils.errorDocCallback('server_terminal>pushbutton1_Callback', 'C:\Users\UfSonix\Documents\MATLAB\MATLAB_May 19\Server\server_terminal.m', 87)" style="font-weight:bold">server_terminal>pushbutton1_Callback</a> (<a href="matlab: opentoline('C:\Users\UfSonix\Documents\MATLAB\MATLAB_May 19\Server\server_terminal.m',87,0)">line 87</a>)
IsClientExisting = existClient(hFigure);

Error in <a href="matlab:helpUtils.errorDocCallback('gui_mainfcn', 'C:\Program Files\MATLAB\R2012a\toolbox\matlab\guide\gui_mainfcn.m', 96)" style="font-weight:bold">gui_mainfcn</a> (<a href="matlab: opentoline('C:\Program Files\MATLAB\R2012a\toolbox\matlab\guide\gui_mainfcn.m',96,0)">line 96</a>)
        feval(varargin{:});

Error in <a href="matlab:helpUtils.errorDocCallback('server_terminal', 'C:\Users\UfSonix\Documents\MATLAB\MATLAB_May 19\Server\server_terminal.m', 42)" style="font-weight:bold">server_terminal</a> (<a href="matlab: opentoline('C:\Users\UfSonix\Documents\MATLAB\MATLAB_May 19\Server\server_terminal.m',42,0)">line 42</a>)
    gui_mainfcn(gui_State, varargin{:});

Error in <a href="matlab:helpUtils.errorDocCallback('@(hObject,eventdata)server_terminal(''pushbutton1_Callback'',hObject,eventdata,guidata(hObject))', '', 0)" style="font-weight:bold">@(hObject,eventdata)server_terminal('pushbutton1_Callback',hObject,eventdata,guidata(hObject))</a>

19-May-2015 10:40:29 Error using <a href="matlab:helpUtils.errorDocCallback('icinterface/fopen', 'C:\Program Files\MATLAB\R2012a\toolbox\shared\instrument\@icinterface\fopen.m', 83)" style="font-weight:bold">icinterface/fopen</a> (<a href="matlab: opentoline('C:\Program Files\MATLAB\R2012a\toolbox\shared\instrument\@icinterface\fopen.m',83,0)">line 83</a>)
Unsuccessful open: Connection timed out: connect

Error in <a href="matlab:helpUtils.errorDocCallback('newTcpip', 'C:\Users\UfSonix\Documents\MATLAB\MATLAB_May 19\Server\newTcpip.m', 24)" style="font-weight:bold">newTcpip</a> (<a href="matlab: opentoline('C:\Users\UfSonix\Documents\MATLAB\MATLAB_May 19\Server\newTcpip.m',24,0)">line 24</a>)
    fopen(Tcpip);

Error in <a href="matlab:helpUtils.errorDocCallback('newClient', 'C:\Users\UfSonix\Documents\MATLAB\MATLAB_May 19\Server\newClient.m', 12)" style="font-weight:bold">newClient</a> (<a href="matlab: opentoline('C:\Users\UfSonix\Documents\MATLAB\MATLAB_May 19\Server\newClient.m',12,0)">line 12</a>)
Tcpip = newTcpip;

Error in <a href="matlab:helpUtils.errorDocCallback('existClient', 'C:\Users\UfSonix\Documents\MATLAB\MATLAB_May 19\Server\existClient.m', 9)" style="font-weight:bold">existClient</a> (<a href="matlab: opentoline('C:\Users\UfSonix\Documents\MATLAB\MATLAB_May 19\Server\existClient.m',9,0)">line 9</a>)
    Client = newClient;

Error in <a href="matlab:helpUtils.errorDocCallback('server_terminal>pushbutton1_Callback', 'C:\Users\UfSonix\Documents\MATLAB\MATLAB_May 19\Server\server_terminal.m', 87)" style="font-weight:bold">server_terminal>pushbutton1_Callback</a> (<a href="matlab: opentoline('C:\Users\UfSonix\Documents\MATLAB\MATLAB_May 19\Server\server_terminal.m',87,0)">line 87</a>)
IsClientExisting = existClient(hFigure);

Error in <a href="matlab:helpUtils.errorDocCallback('gui_mainfcn', 'C:\Program Files\MATLAB\R2012a\toolbox\matlab\guide\gui_mainfcn.m', 96)" style="font-weight:bold">gui_mainfcn</a> (<a href="matlab: opentoline('C:\Program Files\MATLAB\R2012a\toolbox\matlab\guide\gui_mainfcn.m',96,0)">line 96</a>)
        feval(varargin{:});

Error in <a href="matlab:helpUtils.errorDocCallback('server_terminal', 'C:\Users\UfSonix\Documents\MATLAB\MATLAB_May 19\Server\server_terminal.m', 42)" style="font-weight:bold">server_terminal</a> (<a href="matlab: opentoline('C:\Users\UfSonix\Documents\MATLAB\MATLAB_May 19\Server\server_terminal.m',42,0)">line 42</a>)
    gui_mainfcn(gui_State, varargin{:});

Error in <a href="matlab:helpUtils.errorDocCallback('@(hObject,eventdata)server_terminal(''pushbutton1_Callback'',hObject,eventdata,guidata(hObject))', '', 0)" style="font-weight:bold">@(hObject,eventdata)server_terminal('pushbutton1_Callback',hObject,eventdata,guidata(hObject))</a>

19-May-2015 10:40:50 Error using <a href="matlab:helpUtils.errorDocCallback('icinterface/fopen', 'C:\Program Files\MATLAB\R2012a\toolbox\shared\instrument\@icinterface\fopen.m', 83)" style="font-weight:bold">icinterface/fopen</a> (<a href="matlab: opentoline('C:\Program Files\MATLAB\R2012a\toolbox\shared\instrument\@icinterface\fopen.m',83,0)">line 83</a>)
Unsuccessful open: Connection timed out: connect

Error in <a href="matlab:helpUtils.errorDocCallback('newTcpip', 'C:\Users\UfSonix\Documents\MATLAB\MATLAB_May 19\Server\newTcpip.m', 24)" style="font-weight:bold">newTcpip</a> (<a href="matlab: opentoline('C:\Users\UfSonix\Documents\MATLAB\MATLAB_May 19\Server\newTcpip.m',24,0)">line 24</a>)
    fopen(Tcpip);

Error in <a href="matlab:helpUtils.errorDocCallback('newClient', 'C:\Users\UfSonix\Documents\MATLAB\MATLAB_May 19\Server\newClient.m', 12)" style="font-weight:bold">newClient</a> (<a href="matlab: opentoline('C:\Users\UfSonix\Documents\MATLAB\MATLAB_May 19\Server\newClient.m',12,0)">line 12</a>)
Tcpip = newTcpip;

Error in <a href="matlab:helpUtils.errorDocCallback('existClient', 'C:\Users\UfSonix\Documents\MATLAB\MATLAB_May 19\Server\existClient.m', 9)" style="font-weight:bold">existClient</a> (<a href="matlab: opentoline('C:\Users\UfSonix\Documents\MATLAB\MATLAB_May 19\Server\existClient.m',9,0)">line 9</a>)
    Client = newClient;

Error in <a href="matlab:helpUtils.errorDocCallback('server_terminal>pushbutton_start_Callback', 'C:\Users\UfSonix\Documents\MATLAB\MATLAB_May 19\Server\server_terminal.m', 134)" style="font-weight:bold">server_terminal>pushbutton_start_Callback</a> (<a href="matlab: opentoline('C:\Users\UfSonix\Documents\MATLAB\MATLAB_May 19\Server\server_terminal.m',134,0)">line 134</a>)
IsClientExisting = existClient(hFigure);

Error in <a href="matlab:helpUtils.errorDocCallback('gui_mainfcn', 'C:\Program Files\MATLAB\R2012a\toolbox\matlab\guide\gui_mainfcn.m', 96)" style="font-weight:bold">gui_mainfcn</a> (<a href="matlab: opentoline('C:\Program Files\MATLAB\R2012a\toolbox\matlab\guide\gui_mainfcn.m',96,0)">line 96</a>)
        feval(varargin{:});

Error in <a href="matlab:helpUtils.errorDocCallback('server_terminal', 'C:\Users\UfSonix\Documents\MATLAB\MATLAB_May 19\Server\server_terminal.m', 42)" style="font-weight:bold">server_terminal</a> (<a href="matlab: opentoline('C:\Users\UfSonix\Documents\MATLAB\MATLAB_May 19\Server\server_terminal.m',42,0)">line 42</a>)
    gui_mainfcn(gui_State, varargin{:});

Error in <a href="matlab:helpUtils.errorDocCallback('@(hObject,eventdata)server_terminal(''pushbutton_start_Callback'',hObject,eventdata,guidata(hObject))', '', 0)" style="font-weight:bold">@(hObject,eventdata)server_terminal('pushbutton_start_Callback',hObject,eventdata,guidata(hObject))</a>

19-May-2015 10:41:11 Error using <a href="matlab:helpUtils.errorDocCallback('icinterface/fopen', 'C:\Program Files\MATLAB\R2012a\toolbox\shared\instrument\@icinterface\fopen.m', 83)" style="font-weight:bold">icinterface/fopen</a> (<a href="matlab: opentoline('C:\Program Files\MATLAB\R2012a\toolbox\shared\instrument\@icinterface\fopen.m',83,0)">line 83</a>)
Unsuccessful open: Connection timed out: connect

Error in <a href="matlab:helpUtils.errorDocCallback('newTcpip', 'C:\Users\UfSonix\Documents\MATLAB\MATLAB_May 19\Server\newTcpip.m', 24)" style="font-weight:bold">newTcpip</a> (<a href="matlab: opentoline('C:\Users\UfSonix\Documents\MATLAB\MATLAB_May 19\Server\newTcpip.m',24,0)">line 24</a>)
    fopen(Tcpip);

Error in <a href="matlab:helpUtils.errorDocCallback('newClient', 'C:\Users\UfSonix\Documents\MATLAB\MATLAB_May 19\Server\newClient.m', 12)" style="font-weight:bold">newClient</a> (<a href="matlab: opentoline('C:\Users\UfSonix\Documents\MATLAB\MATLAB_May 19\Server\newClient.m',12,0)">line 12</a>)
Tcpip = newTcpip;

Error in <a href="matlab:helpUtils.errorDocCallback('existClient', 'C:\Users\UfSonix\Documents\MATLAB\MATLAB_May 19\Server\existClient.m', 9)" style="font-weight:bold">existClient</a> (<a href="matlab: opentoline('C:\Users\UfSonix\Documents\MATLAB\MATLAB_May 19\Server\existClient.m',9,0)">line 9</a>)
    Client = newClient;

Error in <a href="matlab:helpUtils.errorDocCallback('server_terminal>pushbutton1_Callback', 'C:\Users\UfSonix\Documents\MATLAB\MATLAB_May 19\Server\server_terminal.m', 87)" style="font-weight:bold">server_terminal>pushbutton1_Callback</a> (<a href="matlab: opentoline('C:\Users\UfSonix\Documents\MATLAB\MATLAB_May 19\Server\server_terminal.m',87,0)">line 87</a>)
IsClientExisting = existClient(hFigure);

Error in <a href="matlab:helpUtils.errorDocCallback('gui_mainfcn', 'C:\Program Files\MATLAB\R2012a\toolbox\matlab\guide\gui_mainfcn.m', 96)" style="font-weight:bold">gui_mainfcn</a> (<a href="matlab: opentoline('C:\Program Files\MATLAB\R2012a\toolbox\matlab\guide\gui_mainfcn.m',96,0)">line 96</a>)
        feval(varargin{:});

Error in <a href="matlab:helpUtils.errorDocCallback('server_terminal', 'C:\Users\UfSonix\Documents\MATLAB\MATLAB_May 19\Server\server_terminal.m', 42)" style="font-weight:bold">server_terminal</a> (<a href="matlab: opentoline('C:\Users\UfSonix\Documents\MATLAB\MATLAB_May 19\Server\server_terminal.m',42,0)">line 42</a>)
    gui_mainfcn(gui_State, varargin{:});

Error in <a href="matlab:helpUtils.errorDocCallback('@(hObject,eventdata)server_terminal(''pushbutton1_Callback'',hObject,eventdata,guidata(hObject))', '', 0)" style="font-weight:bold">@(hObject,eventdata)server_terminal('pushbutton1_Callback',hObject,eventdata,guidata(hObject))</a>

19-May-2015 10:41:32 Error using <a href="matlab:helpUtils.errorDocCallback('icinterface/fopen', 'C:\Program Files\MATLAB\R2012a\toolbox\shared\instrument\@icinterface\fopen.m', 83)" style="font-weight:bold">icinterface/fopen</a> (<a href="matlab: opentoline('C:\Program Files\MATLAB\R2012a\toolbox\shared\instrument\@icinterface\fopen.m',83,0)">line 83</a>)
Unsuccessful open: Connection timed out: connect

Error in <a href="matlab:helpUtils.errorDocCallback('newTcpip', 'C:\Users\UfSonix\Documents\MATLAB\MATLAB_May 19\Server\newTcpip.m', 24)" style="font-weight:bold">newTcpip</a> (<a href="matlab: opentoline('C:\Users\UfSonix\Documents\MATLAB\MATLAB_May 19\Server\newTcpip.m',24,0)">line 24</a>)
    fopen(Tcpip);

Error in <a href="matlab:helpUtils.errorDocCallback('newClient', 'C:\Users\UfSonix\Documents\MATLAB\MATLAB_May 19\Server\newClient.m', 12)" style="font-weight:bold">newClient</a> (<a href="matlab: opentoline('C:\Users\UfSonix\Documents\MATLAB\MATLAB_May 19\Server\newClient.m',12,0)">line 12</a>)
Tcpip = newTcpip;

Error in <a href="matlab:helpUtils.errorDocCallback('existClient', 'C:\Users\UfSonix\Documents\MATLAB\MATLAB_May 19\Server\existClient.m', 9)" style="font-weight:bold">existClient</a> (<a href="matlab: opentoline('C:\Users\UfSonix\Documents\MATLAB\MATLAB_May 19\Server\existClient.m',9,0)">line 9</a>)
    Client = newClient;

Error in <a href="matlab:helpUtils.errorDocCallback('server_terminal>pushbutton_start_Callback', 'C:\Users\UfSonix\Documents\MATLAB\MATLAB_May 19\Server\server_terminal.m', 134)" style="font-weight:bold">server_terminal>pushbutton_start_Callback</a> (<a href="matlab: opentoline('C:\Users\UfSonix\Documents\MATLAB\MATLAB_May 19\Server\server_terminal.m',134,0)">line 134</a>)
IsClientExisting = existClient(hFigure);

Error in <a href="matlab:helpUtils.errorDocCallback('gui_mainfcn', 'C:\Program Files\MATLAB\R2012a\toolbox\matlab\guide\gui_mainfcn.m', 96)" style="font-weight:bold">gui_mainfcn</a> (<a href="matlab: opentoline('C:\Program Files\MATLAB\R2012a\toolbox\matlab\guide\gui_mainfcn.m',96,0)">line 96</a>)
        feval(varargin{:});

Error in <a href="matlab:helpUtils.errorDocCallback('server_terminal', 'C:\Users\UfSonix\Documents\MATLAB\MATLAB_May 19\Server\server_terminal.m', 42)" style="font-weight:bold">server_terminal</a> (<a href="matlab: opentoline('C:\Users\UfSonix\Documents\MATLAB\MATLAB_May 19\Server\server_terminal.m',42,0)">line 42</a>)
    gui_mainfcn(gui_State, varargin{:});

Error in <a href="matlab:helpUtils.errorDocCallback('@(hObject,eventdata)server_terminal(''pushbutton_start_Callback'',hObject,eventdata,guidata(hObject))', '', 0)" style="font-weight:bold">@(hObject,eventdata)server_terminal('pushbutton_start_Callback',hObject,eventdata,guidata(hObject))</a>

19-May-2015 10:41:53 Error using <a href="matlab:helpUtils.errorDocCallback('icinterface/fopen', 'C:\Program Files\MATLAB\R2012a\toolbox\shared\instrument\@icinterface\fopen.m', 83)" style="font-weight:bold">icinterface/fopen</a> (<a href="matlab: opentoline('C:\Program Files\MATLAB\R2012a\toolbox\shared\instrument\@icinterface\fopen.m',83,0)">line 83</a>)
Unsuccessful open: Connection timed out: connect

Error in <a href="matlab:helpUtils.errorDocCallback('newTcpip', 'C:\Users\UfSonix\Documents\MATLAB\MATLAB_May 19\Server\newTcpip.m', 24)" style="font-weight:bold">newTcpip</a> (<a href="matlab: opentoline('C:\Users\UfSonix\Documents\MATLAB\MATLAB_May 19\Server\newTcpip.m',24,0)">line 24</a>)
    fopen(Tcpip);

Error in <a href="matlab:helpUtils.errorDocCallback('newClient', 'C:\Users\UfSonix\Documents\MATLAB\MATLAB_May 19\Server\newClient.m', 12)" style="font-weight:bold">newClient</a> (<a href="matlab: opentoline('C:\Users\UfSonix\Documents\MATLAB\MATLAB_May 19\Server\newClient.m',12,0)">line 12</a>)
Tcpip = newTcpip;

Error in <a href="matlab:helpUtils.errorDocCallback('existClient', 'C:\Users\UfSonix\Documents\MATLAB\MATLAB_May 19\Server\existClient.m', 9)" style="font-weight:bold">existClient</a> (<a href="matlab: opentoline('C:\Users\UfSonix\Documents\MATLAB\MATLAB_May 19\Server\existClient.m',9,0)">line 9</a>)
    Client = newClient;

Error in <a href="matlab:helpUtils.errorDocCallback('server_terminal>pushbutton1_Callback', 'C:\Users\UfSonix\Documents\MATLAB\MATLAB_May 19\Server\server_terminal.m', 87)" style="font-weight:bold">server_terminal>pushbutton1_Callback</a> (<a href="matlab: opentoline('C:\Users\UfSonix\Documents\MATLAB\MATLAB_May 19\Server\server_terminal.m',87,0)">line 87</a>)
IsClientExisting = existClient(hFigure);

Error in <a href="matlab:helpUtils.errorDocCallback('gui_mainfcn', 'C:\Program Files\MATLAB\R2012a\toolbox\matlab\guide\gui_mainfcn.m', 96)" style="font-weight:bold">gui_mainfcn</a> (<a href="matlab: opentoline('C:\Program Files\MATLAB\R2012a\toolbox\matlab\guide\gui_mainfcn.m',96,0)">line 96</a>)
        feval(varargin{:});

Error in <a href="matlab:helpUtils.errorDocCallback('server_terminal', 'C:\Users\UfSonix\Documents\MATLAB\MATLAB_May 19\Server\server_terminal.m', 42)" style="font-weight:bold">server_terminal</a> (<a href="matlab: opentoline('C:\Users\UfSonix\Documents\MATLAB\MATLAB_May 19\Server\server_terminal.m',42,0)">line 42</a>)
    gui_mainfcn(gui_State, varargin{:});

Error in <a href="matlab:helpUtils.errorDocCallback('@(hObject,eventdata)server_terminal(''pushbutton1_Callback'',hObject,eventdata,guidata(hObject))', '', 0)" style="font-weight:bold">@(hObject,eventdata)server_terminal('pushbutton1_Callback',hObject,eventdata,guidata(hObject))</a>

19-May-2015 10:42:15 Error using <a href="matlab:helpUtils.errorDocCallback('icinterface/fopen', 'C:\Program Files\MATLAB\R2012a\toolbox\shared\instrument\@icinterface\fopen.m', 83)" style="font-weight:bold">icinterface/fopen</a> (<a href="matlab: opentoline('C:\Program Files\MATLAB\R2012a\toolbox\shared\instrument\@icinterface\fopen.m',83,0)">line 83</a>)
Unsuccessful open: Connection timed out: connect

Error in <a href="matlab:helpUtils.errorDocCallback('newTcpip', 'C:\Users\UfSonix\Documents\MATLAB\MATLAB_May 19\Server\newTcpip.m', 24)" style="font-weight:bold">newTcpip</a> (<a href="matlab: opentoline('C:\Users\UfSonix\Documents\MATLAB\MATLAB_May 19\Server\newTcpip.m',24,0)">line 24</a>)
    fopen(Tcpip);

Error in <a href="matlab:helpUtils.errorDocCallback('newClient', 'C:\Users\UfSonix\Documents\MATLAB\MATLAB_May 19\Server\newClient.m', 12)" style="font-weight:bold">newClient</a> (<a href="matlab: opentoline('C:\Users\UfSonix\Documents\MATLAB\MATLAB_May 19\Server\newClient.m',12,0)">line 12</a>)
Tcpip = newTcpip;

Error in <a href="matlab:helpUtils.errorDocCallback('existClient', 'C:\Users\UfSonix\Documents\MATLAB\MATLAB_May 19\Server\existClient.m', 9)" style="font-weight:bold">existClient</a> (<a href="matlab: opentoline('C:\Users\UfSonix\Documents\MATLAB\MATLAB_May 19\Server\existClient.m',9,0)">line 9</a>)
    Client = newClient;

Error in <a href="matlab:helpUtils.errorDocCallback('server_terminal>pushbutton_start_Callback', 'C:\Users\UfSonix\Documents\MATLAB\MATLAB_May 19\Server\server_terminal.m', 134)" style="font-weight:bold">server_terminal>pushbutton_start_Callback</a> (<a href="matlab: opentoline('C:\Users\UfSonix\Documents\MATLAB\MATLAB_May 19\Server\server_terminal.m',134,0)">line 134</a>)
IsClientExisting = existClient(hFigure);

Error in <a href="matlab:helpUtils.errorDocCallback('gui_mainfcn', 'C:\Program Files\MATLAB\R2012a\toolbox\matlab\guide\gui_mainfcn.m', 96)" style="font-weight:bold">gui_mainfcn</a> (<a href="matlab: opentoline('C:\Program Files\MATLAB\R2012a\toolbox\matlab\guide\gui_mainfcn.m',96,0)">line 96</a>)
        feval(varargin{:});

Error in <a href="matlab:helpUtils.errorDocCallback('server_terminal', 'C:\Users\UfSonix\Documents\MATLAB\MATLAB_May 19\Server\server_terminal.m', 42)" style="font-weight:bold">server_terminal</a> (<a href="matlab: opentoline('C:\Users\UfSonix\Documents\MATLAB\MATLAB_May 19\Server\server_terminal.m',42,0)">line 42</a>)
    gui_mainfcn(gui_State, varargin{:});

Error in <a href="matlab:helpUtils.errorDocCallback('@(hObject,eventdata)server_terminal(''pushbutton_start_Callback'',hObject,eventdata,guidata(hObject))', '', 0)" style="font-weight:bold">@(hObject,eventdata)server_terminal('pushbutton_start_Callback',hObject,eventdata,guidata(hObject))</a>

19-May-2015 10:42:36 Error using <a href="matlab:helpUtils.errorDocCallback('icinterface/fopen', 'C:\Program Files\MATLAB\R2012a\toolbox\shared\instrument\@icinterface\fopen.m', 83)" style="font-weight:bold">icinterface/fopen</a> (<a href="matlab: opentoline('C:\Program Files\MATLAB\R2012a\toolbox\shared\instrument\@icinterface\fopen.m',83,0)">line 83</a>)
Unsuccessful open: Connection timed out: connect

Error in <a href="matlab:helpUtils.errorDocCallback('newTcpip', 'C:\Users\UfSonix\Documents\MATLAB\MATLAB_May 19\Server\newTcpip.m', 24)" style="font-weight:bold">newTcpip</a> (<a href="matlab: opentoline('C:\Users\UfSonix\Documents\MATLAB\MATLAB_May 19\Server\newTcpip.m',24,0)">line 24</a>)
    fopen(Tcpip);

Error in <a href="matlab:helpUtils.errorDocCallback('newClient', 'C:\Users\UfSonix\Documents\MATLAB\MATLAB_May 19\Server\newClient.m', 12)" style="font-weight:bold">newClient</a> (<a href="matlab: opentoline('C:\Users\UfSonix\Documents\MATLAB\MATLAB_May 19\Server\newClient.m',12,0)">line 12</a>)
Tcpip = newTcpip;

Error in <a href="matlab:helpUtils.errorDocCallback('existClient', 'C:\Users\UfSonix\Documents\MATLAB\MATLAB_May 19\Server\existClient.m', 9)" style="font-weight:bold">existClient</a> (<a href="matlab: opentoline('C:\Users\UfSonix\Documents\MATLAB\MATLAB_May 19\Server\existClient.m',9,0)">line 9</a>)
    Client = newClient;

Error in <a href="matlab:helpUtils.errorDocCallback('server_terminal>pushbutton1_Callback', 'C:\Users\UfSonix\Documents\MATLAB\MATLAB_May 19\Server\server_terminal.m', 87)" style="font-weight:bold">server_terminal>pushbutton1_Callback</a> (<a href="matlab: opentoline('C:\Users\UfSonix\Documents\MATLAB\MATLAB_May 19\Server\server_terminal.m',87,0)">line 87</a>)
IsClientExisting = existClient(hFigure);

Error in <a href="matlab:helpUtils.errorDocCallback('gui_mainfcn', 'C:\Program Files\MATLAB\R2012a\toolbox\matlab\guide\gui_mainfcn.m', 96)" style="font-weight:bold">gui_mainfcn</a> (<a href="matlab: opentoline('C:\Program Files\MATLAB\R2012a\toolbox\matlab\guide\gui_mainfcn.m',96,0)">line 96</a>)
        feval(varargin{:});

Error in <a href="matlab:helpUtils.errorDocCallback('server_terminal', 'C:\Users\UfSonix\Documents\MATLAB\MATLAB_May 19\Server\server_terminal.m', 42)" style="font-weight:bold">server_terminal</a> (<a href="matlab: opentoline('C:\Users\UfSonix\Documents\MATLAB\MATLAB_May 19\Server\server_terminal.m',42,0)">line 42</a>)
    gui_mainfcn(gui_State, varargin{:});

Error in <a href="matlab:helpUtils.errorDocCallback('@(hObject,eventdata)server_terminal(''pushbutton1_Callback'',hObject,eventdata,guidata(hObject))', '', 0)" style="font-weight:bold">@(hObject,eventdata)server_terminal('pushbutton1_Callback',hObject,eventdata,guidata(hObject))</a>

